2025-10-03 01:40:12,548 [INFO] MainThread: ScraperApp starting.
2025-10-03 01:40:12,553 [INFO] MainThread: Producer starting for categories: ['https://www.vendr.com/categories/devops', 'https://www.vendr.com/categories/it-infrastructure', 'https://www.vendr.com/categories/data-analytics-and-management']
2025-10-03 01:40:12,591 [INFO] PostgresWriter: PostgresWriter starting.
2025-10-03 01:40:18,747 [INFO] Thread-6: Parsed product: Sonarsource
2025-10-03 01:40:19,251 [INFO] PostgresWriter: Wrote 1 products to DB.
2025-10-03 01:40:21,180 [INFO] Thread-1: Parsed product: npm
2025-10-03 01:40:21,230 [INFO] Thread-15: Parsed product: Developer Express
2025-10-03 01:40:21,308 [INFO] Thread-14: Parsed product: Encora
2025-10-03 01:40:21,466 [INFO] Thread-19: Parsed product: Altium
2025-10-03 01:40:21,530 [INFO] Thread-18: Parsed product: Aspose
2025-10-03 01:40:21,596 [INFO] Thread-10: Parsed product: Embarcadero Technologies
2025-10-03 01:40:21,677 [INFO] Thread-20: Parsed product: Cloudsmith
2025-10-03 01:40:21,709 [INFO] Thread-13: Parsed product: Aptible
2025-10-03 01:40:21,754 [INFO] Thread-4: Parsed product: Jellyfish.co
2025-10-03 01:40:21,769 [INFO] Thread-22: Parsed product: Haystack
2025-10-03 01:40:21,777 [INFO] Thread-7: Parsed product: Sourcegraph
2025-10-03 01:40:21,837 [INFO] Thread-25: Parsed product: KiSSFLOW
2025-10-03 01:40:21,852 [INFO] Thread-2: Parsed product: Sidekiq
2025-10-03 01:40:21,872 [INFO] Thread-9: Parsed product: LinearB
2025-10-03 01:40:21,878 [INFO] Thread-17: Parsed product: Cloudpipes
2025-10-03 01:40:21,906 [INFO] Thread-28: Parsed product: EPAM Systems
2025-10-03 01:40:21,957 [INFO] Thread-8: Parsed product: Progress
2025-10-03 01:40:21,961 [INFO] Thread-5: Parsed product: DHTMLX
2025-10-03 01:40:21,985 [INFO] Thread-3: Parsed product: Dynamsoft
2025-10-03 01:40:22,032 [INFO] Thread-21: Parsed product: Jama Software
2025-10-03 01:40:22,036 [INFO] PostgresWriter: Wrote 20 products to DB.
2025-10-03 01:40:22,074 [INFO] Thread-30: Parsed product: Chocolatey
2025-10-03 01:40:22,116 [INFO] Thread-24: Parsed product: Codacy
2025-10-03 01:40:22,139 [INFO] Thread-12: Parsed product: Sonatype
2025-10-03 01:40:22,156 [INFO] Thread-16: Parsed product: Semgrep
2025-10-03 01:40:22,191 [INFO] Thread-26: Parsed product: Gurobi
2025-10-03 01:40:22,338 [INFO] Thread-27: Parsed product: Superblocks
2025-10-03 01:40:22,434 [INFO] Thread-14: Parsed product: Cleo Labs
2025-10-03 01:40:22,441 [INFO] Thread-29: Parsed product: Incredibuild Software
2025-10-03 01:40:22,443 [INFO] Thread-1: Parsed product: TeamDev
2025-10-03 01:40:22,472 [INFO] Thread-11: Parsed product: Retool
2025-10-03 01:40:22,483 [INFO] Thread-15: Parsed product: Bubble
2025-10-03 01:40:22,515 [INFO] Thread-6: Parsed product: OutSystems
2025-10-03 01:40:22,666 [INFO] Thread-18: Parsed product: Hex-Rays
2025-10-03 01:40:22,693 [INFO] Thread-19: Parsed product: Cortez Labs
2025-10-03 01:40:22,700 [INFO] Thread-10: Parsed product: Insomnia REST Client
2025-10-03 01:40:22,742 [INFO] Thread-13: Parsed product: Waydev
2025-10-03 01:40:22,877 [INFO] Thread-7: Parsed product: Bit
2025-10-03 01:40:22,888 [INFO] Thread-4: Parsed product: Andros
2025-10-03 01:40:22,900 [INFO] Thread-2: Parsed product: CodeScene
2025-10-03 01:40:22,910 [INFO] Thread-20: Parsed product: Rogue Wave Software
2025-10-03 01:40:22,918 [INFO] PostgresWriter: Wrote 20 products to DB.
2025-10-03 01:40:22,936 [INFO] Thread-17: Parsed product: Flare.build
2025-10-03 01:40:22,993 [INFO] Thread-25: Parsed product: CodeScan
2025-10-03 01:40:23,012 [INFO] Thread-8: Parsed product: JxBrowser
2025-10-03 01:40:23,056 [INFO] Thread-5: Parsed product: Laravel
2025-10-03 01:40:23,086 [INFO] Thread-22: Parsed product: BARR
2025-10-03 01:40:23,092 [INFO] Thread-3: Parsed product: OpenZeppelin
2025-10-03 01:40:23,124 [INFO] Thread-30: Parsed product: Syncro Soft
2025-10-03 01:40:23,213 [INFO] Thread-9: Parsed product: Edgio
2025-10-03 01:40:23,315 [INFO] Thread-28: Parsed product: Glide
2025-10-03 01:40:23,334 [INFO] Thread-21: Parsed product: Prismatic
2025-10-03 01:40:23,353 [INFO] Thread-24: Parsed product: Actipro Software
2025-10-03 01:40:23,377 [INFO] Thread-27: Parsed product: Caylent
2025-10-03 01:40:23,406 [INFO] Thread-16: Parsed product: Voiceflow
2025-10-03 01:40:23,440 [INFO] Thread-26: Parsed product: Zero Turnaround Jrebel
2025-10-03 01:40:23,524 [INFO] Thread-15: Parsed product: DB Solo
2025-10-03 01:40:23,532 [INFO] Thread-12: Parsed product: Cad
2025-10-03 01:40:23,548 [INFO] Thread-29: Parsed product: Cloud 66
2025-10-03 01:40:23,560 [INFO] Thread-11: Parsed product: Dagster
2025-10-03 01:40:23,584 [INFO] Thread-23: Parsed product: Swarmia
2025-10-03 01:40:23,602 [INFO] Thread-14: Parsed product: CGAL
2025-10-03 01:40:23,606 [INFO] PostgresWriter: Wrote 20 products to DB.
2025-10-03 01:40:23,627 [INFO] Thread-6: Parsed product: Edison Design Group
2025-10-03 01:40:23,721 [INFO] Thread-1: Parsed product: CloudShark
2025-10-03 01:40:23,765 [INFO] Thread-18: Parsed product: Gnostice
2025-10-03 01:40:23,823 [INFO] Thread-10: Parsed product: Headway
2025-10-03 01:40:23,849 [INFO] Thread-13: Parsed product: Jitpack
2025-10-03 01:40:23,851 [INFO] Thread-19: Parsed product: Guru TechnoLabs
2025-10-03 01:40:23,991 [INFO] Thread-4: Parsed product: Linux Foundation
2025-10-03 01:40:24,020 [INFO] Thread-8: Parsed product: Perforce Stingray
2025-10-03 01:40:24,037 [INFO] Thread-2: Parsed product: MapTiler
2025-10-03 01:40:24,099 [INFO] Thread-17: Parsed product: MyGet
2025-10-03 01:40:24,163 [INFO] Thread-20: Parsed product: Midrange Dynamics NA
2025-10-03 01:40:24,182 [INFO] Thread-25: Parsed product: PackageCloud
2025-10-03 01:40:24,208 [INFO] Thread-5: Parsed product: PNF Software
2025-10-03 01:40:24,211 [INFO] Thread-30: Parsed product: Steema
2025-10-03 01:40:24,214 [INFO] Thread-3: Parsed product: Shakudo
2025-10-03 01:40:24,299 [INFO] Thread-22: Parsed product: Private Packagist
2025-10-03 01:40:24,344 [INFO] Thread-21: Parsed product: Xceed Software
2025-10-03 01:40:24,360 [INFO] Thread-7: Parsed product: jOOQ
2025-10-03 01:40:24,433 [INFO] Thread-27: Parsed product: Accelo
2025-10-03 01:40:24,444 [INFO] Thread-16: Parsed product: ActiveState
2025-10-03 01:40:24,448 [INFO] PostgresWriter: Wrote 20 products to DB.
2025-10-03 01:40:24,453 [INFO] Thread-9: Parsed product: Webhook.site
2025-10-03 01:40:24,467 [INFO] Thread-28: Parsed product: V7
2025-10-03 01:40:24,559 [INFO] Thread-11: Parsed product: Binary Stream Software
2025-10-03 01:40:24,563 [INFO] Thread-26: Parsed product: Airplane
2025-10-03 01:40:24,584 [INFO] Thread-15: Parsed product: Appanvil
2025-10-03 01:40:24,614 [INFO] Thread-12: Parsed product: Appenate
2025-10-03 01:40:24,676 [INFO] Thread-24: Parsed product: Trunk.io
2025-10-03 01:40:24,696 [INFO] Thread-23: Parsed product: Chainstack
2025-10-03 01:40:24,775 [INFO] Thread-14: Parsed product: CodePen
2025-10-03 01:40:24,812 [INFO] Thread-29: Parsed product: Appian
2025-10-03 01:40:24,823 [INFO] Thread-18: Parsed product: CompilerWorks
2025-10-03 01:40:24,874 [INFO] Thread-1: Parsed product: CoGrammar
2025-10-03 01:40:24,907 [INFO] Thread-10: Parsed product: CUBA platform
2025-10-03 01:40:24,910 [INFO] Thread-6: Parsed product: CodeRabbit
2025-10-03 01:40:24,975 [INFO] Thread-13: Parsed product: DeepSource
2025-10-03 01:40:24,981 [INFO] Thread-19: Parsed product: DuploCloud
2025-10-03 01:40:25,086 [INFO] Thread-4: Parsed product: Exadel
2025-10-03 01:40:25,153 [INFO] Thread-16: Parsed product: NDepend
2025-10-03 01:40:25,210 [INFO] Thread-2: Parsed product: FormValidation
2025-10-03 01:40:25,235 [INFO] Thread-17: Parsed product: Garden
2025-10-03 01:40:25,240 [INFO] PostgresWriter: Wrote 20 products to DB.
2025-10-03 01:40:25,242 [INFO] Thread-5: Parsed product: Go2Group ConnectAll
2025-10-03 01:40:25,323 [INFO] Thread-8: Parsed product: Expo.dev
2025-10-03 01:40:25,339 [INFO] Thread-25: Parsed product: Getform
2025-10-03 01:40:25,368 [INFO] Thread-3: Parsed product: IAR Systems
2025-10-03 01:40:25,377 [INFO] Thread-20: Parsed product: Gemfury
2025-10-03 01:40:25,402 [INFO] Thread-30: Parsed product: Helius
2025-10-03 01:40:25,413 [INFO] Thread-22: Parsed product: Internal.io
2025-10-03 01:40:25,447 [INFO] Thread-27: Parsed product: Nagarro
2025-10-03 01:40:25,503 [INFO] Thread-7: Parsed product: Koombea
2025-10-03 01:40:25,632 [INFO] Thread-11: Parsed product: Plausible Labs
2025-10-03 01:40:25,719 [INFO] Thread-9: Parsed product: Ongraph
2025-10-03 01:40:25,724 [INFO] Thread-21: Parsed product: Interval
2025-10-03 01:40:25,735 [INFO] Thread-26: Parsed product: Port
2025-10-03 01:40:25,767 [INFO] Thread-12: Parsed product: PythonAnywhere
2025-10-03 01:40:25,884 [INFO] Thread-18: Parsed product: Streamlit
2025-10-03 01:40:25,892 [INFO] Thread-24: Parsed product: Quickbase
2025-10-03 01:40:25,906 [INFO] Thread-28: Parsed product: Platform9
2025-10-03 01:40:25,939 [INFO] Thread-29: Parsed product: Snapbytes
2025-10-03 01:40:25,993 [INFO] Thread-15: Parsed product: PullApprove
2025-10-03 01:40:26,009 [INFO] Thread-14: Parsed product: ServiceStack
2025-10-03 01:40:26,012 [INFO] PostgresWriter: Wrote 20 products to DB.
2025-10-03 01:40:26,020 [INFO] Thread-1: Parsed product: SubX
2025-10-03 01:40:26,047 [INFO] Thread-19: Parsed product: Touchtone
2025-10-03 01:40:26,056 [INFO] Thread-23: Parsed product: Riverbank Computing
2025-10-03 01:40:26,188 [INFO] Thread-4: Parsed product: TrackVia
2025-10-03 01:40:26,339 [INFO] Thread-10: Parsed product: Tasktop
2025-10-03 01:40:26,347 [INFO] Thread-16: Parsed product: Unblocked
2025-10-03 01:40:26,351 [INFO] Thread-13: Parsed product: Tivity
2025-10-03 01:40:26,353 [INFO] Thread-17: Parsed product: Vector Draw
2025-10-03 01:40:26,422 [INFO] Thread-20: Parsed product: AIIP, LLC
2025-10-03 01:40:26,473 [INFO] Thread-8: Parsed product: Webiny
2025-10-03 01:40:26,503 [INFO] Thread-6: Parsed product: Telerik
2025-10-03 01:40:26,526 [INFO] Thread-3: Parsed product: 8xtrade
2025-10-03 01:40:26,548 [INFO] Thread-30: Parsed product: AI Software LLC
2025-10-03 01:40:26,597 [INFO] Thread-27: Parsed product: anycode.io
2025-10-03 01:40:26,602 [INFO] Thread-25: Parsed product: 10 Grounds
2025-10-03 01:40:26,628 [INFO] Thread-5: Parsed product: VisualHint
2025-10-03 01:40:26,654 [INFO] Thread-22: Parsed product: Alpha Software
2025-10-03 01:40:26,668 [INFO] Thread-2: Parsed product: Vaadin
2025-10-03 01:40:26,704 [INFO] Thread-7: Parsed product: Anysphere
2025-10-03 01:40:26,705 [INFO] Thread-11: Parsed product: Api.ai
2025-10-03 01:40:26,713 [INFO] PostgresWriter: Wrote 20 products to DB.
2025-10-03 01:40:26,732 [INFO] Thread-9: Parsed product: AppArchitect
2025-10-03 01:40:26,743 [INFO] Thread-12: Parsed product: AppSheet
2025-10-03 01:40:26,829 [INFO] Thread-21: Parsed product: App India
2025-10-03 01:40:26,868 [INFO] Thread-26: Parsed product: AppLaunchpad
2025-10-03 01:40:27,006 [INFO] Thread-28: Parsed product: Appy Pie
2025-10-03 01:40:27,017 [INFO] Thread-18: Parsed product: Appsmith
2025-10-03 01:40:27,031 [INFO] Thread-15: Parsed product: Araelium
2025-10-03 01:40:27,045 [INFO] Thread-16: Parsed product: Bluefish
2025-10-03 01:40:27,065 [INFO] Thread-24: Parsed product: AppStudio
2025-10-03 01:40:27,079 [INFO] Thread-1: Parsed product: babelforce
2025-10-03 01:40:27,119 [INFO] Thread-14: Parsed product: Audiokinetic
2025-10-03 01:40:27,125 [INFO] Thread-29: Parsed product: Aquip.io
2025-10-03 01:40:27,136 [INFO] Thread-23: Parsed product: Beautiful Code
2025-10-03 01:40:27,188 [INFO] Thread-19: Parsed product: banshee-php.org
2025-10-03 01:40:27,249 [INFO] Thread-4: Parsed product: BillionApps
2025-10-03 01:40:27,322 [INFO] Thread-17: Parsed product: BlueStacks Android Emulator
2025-10-03 01:40:27,398 [INFO] Thread-13: Parsed product: Bluefish
2025-10-03 01:40:27,482 [INFO] Thread-10: Parsed product: Blast Off Apps
2025-10-03 01:40:27,503 [INFO] Thread-3: Parsed product: Builtinsoft
2025-10-03 01:40:27,526 [INFO] Thread-6: Parsed product: BoxUK
2025-10-03 01:40:27,529 [INFO] PostgresWriter: Wrote 19 products to DB.
2025-10-03 01:40:27,591 [INFO] Thread-8: Parsed product: Botsify
2025-10-03 01:40:27,595 [INFO] Thread-20: Parsed product: BOFC
2025-10-03 01:40:27,603 [INFO] Thread-22: Parsed product: Chatfuel
2025-10-03 01:40:27,609 [INFO] Thread-25: Parsed product: Calls9
2025-10-03 01:40:27,613 [INFO] Thread-30: Parsed product: BytePlus
2025-10-03 01:40:27,691 [INFO] Thread-27: Parsed product: CadLib
2025-10-03 01:40:27,714 [INFO] Thread-5: Parsed product: Castle Project
2025-10-03 01:40:27,720 [INFO] Thread-9: Parsed product: Code Science
2025-10-03 01:40:27,723 [INFO] Thread-11: Parsed product: Codeless Solutions
2025-10-03 01:40:27,769 [INFO] Thread-2: Parsed product: CloudRepo
2025-10-03 01:40:27,779 [INFO] Thread-7: Parsed product: CodeFirst
2025-10-03 01:40:27,834 [INFO] Thread-12: Parsed product: CollabNet
2025-10-03 01:40:27,893 [INFO] Thread-21: Parsed product: cre8
2025-10-03 01:40:27,935 [INFO] Thread-26: Parsed product: CruzataSoft
2025-10-03 01:40:28,009 [INFO] Thread-18: Parsed product: CYBRA
2025-10-03 01:40:28,029 [INFO] Thread-28: Parsed product: Cucumber
2025-10-03 01:40:28,059 [INFO] Thread-16: Parsed product: Datics AI
2025-10-03 01:40:28,153 [INFO] Thread-1: Parsed product: Dedicogroup
2025-10-03 01:40:28,164 [INFO] Thread-24: Parsed product: datree.io
2025-10-03 01:40:28,198 [INFO] Thread-15: Parsed product: Cynetis Embedded
2025-10-03 01:40:28,203 [INFO] PostgresWriter: Wrote 20 products to DB.
2025-10-03 01:40:28,220 [INFO] Thread-4: Parsed product: DronaHQ
2025-10-03 01:40:28,236 [INFO] Thread-14: Parsed product: DevCom
2025-10-03 01:40:28,255 [INFO] Thread-23: Parsed product: Diffco
2025-10-03 01:40:28,271 [INFO] Thread-29: Parsed product: DevFactory FZ
2025-10-03 01:40:28,281 [INFO] Thread-19: Parsed product: DiscoverSDK
2025-10-03 01:40:28,335 [INFO] Thread-20: Parsed product: Fictive Studios
2025-10-03 01:40:28,363 [INFO] Thread-17: Parsed product: DxMinds
2025-10-03 01:40:28,478 [INFO] Thread-3: Parsed product: envoyer.io
2025-10-03 01:40:28,486 [INFO] Thread-13: Parsed product: Engineer.ai
2025-10-03 01:40:28,518 [INFO] Thread-10: Parsed product: ENS Software Solutions
2025-10-03 01:40:28,528 [INFO] Thread-6: Parsed product: Exemplary Marketing
2025-10-03 01:40:28,604 [INFO] Thread-8: Parsed product: FeatureHub
2025-10-03 01:40:28,643 [INFO] Thread-30: Parsed product: FuelPHP
2025-10-03 01:40:28,715 [INFO] Thread-27: Parsed product: Fusion Informatics
2025-10-03 01:40:28,718 [INFO] Thread-22: Parsed product: Finoit
2025-10-03 01:40:28,729 [INFO] Thread-25: Parsed product: Flagsmith
2025-10-03 01:40:28,819 [INFO] Thread-11: Parsed product: Gerrit
2025-10-03 01:40:28,847 [INFO] Thread-9: Parsed product: GeometryFactory
2025-10-03 01:40:28,851 [INFO] Thread-7: Parsed product: Glitz IT Solutions
2025-10-03 01:40:28,863 [INFO] Thread-12: Parsed product: GNOME Evolution
2025-10-03 01:40:28,867 [INFO] PostgresWriter: Wrote 20 products to DB.
2025-10-03 01:40:28,870 [INFO] Thread-5: Parsed product: GeneXus
2025-10-03 01:40:28,875 [INFO] Thread-2: Parsed product: Gitcolony
2025-10-03 01:40:28,967 [INFO] Thread-26: Parsed product: Grails Framework
2025-10-03 01:40:29,031 [INFO] Thread-28: Parsed product: Gravit-e Technologies
2025-10-03 01:40:29,034 [INFO] Thread-21: Parsed product: GoCloudz
2025-10-03 01:40:29,068 [INFO] Thread-18: Parsed product: Graphql.pro
2025-10-03 01:40:29,137 [INFO] Thread-15: Parsed product: HackerKernel
2025-10-03 01:40:29,172 [INFO] Thread-16: Parsed product: Grunt
2025-10-03 01:40:29,264 [INFO] Thread-1: Parsed product: GvCloud Secure
2025-10-03 01:40:29,269 [INFO] Thread-24: Parsed product: Hackerbay
2025-10-03 01:40:29,304 [INFO] Thread-17: Parsed product: Iksanika
2025-10-03 01:40:29,320 [INFO] Thread-14: Parsed product: Hecate
2025-10-03 01:40:29,336 [INFO] Thread-19: Parsed product: Idea To Startup
2025-10-03 01:40:29,346 [INFO] Thread-4: Parsed product: Hardwin Software Solutions
2025-10-03 01:40:29,359 [INFO] Thread-23: Parsed product: HireFire
2025-10-03 01:40:29,422 [INFO] Thread-29: Parsed product: Iconic Solutions
2025-10-03 01:40:29,489 [INFO] Thread-9: Parsed product: Kintone
2025-10-03 01:40:29,557 [INFO] Thread-6: Parsed product: iShore Software
2025-10-03 01:40:29,584 [INFO] Thread-3: Parsed product: iLeap
2025-10-03 01:40:29,590 [INFO] Thread-13: Parsed product: Intland Software
2025-10-03 01:40:29,593 [INFO] PostgresWriter: Wrote 20 products to DB.
2025-10-03 01:40:29,597 [INFO] Thread-20: Parsed product: IKAN ALM
2025-10-03 01:40:29,622 [INFO] Thread-10: Parsed product: Intvo
2025-10-03 01:40:29,742 [INFO] Thread-30: Parsed product: Jump Solutions
2025-10-03 01:40:29,748 [INFO] Thread-8: Parsed product: Joyfill
2025-10-03 01:40:29,752 [INFO] Thread-22: Parsed product: Kapeli
2025-10-03 01:40:29,765 [INFO] Thread-25: Parsed product: Kenzap
2025-10-03 01:40:29,845 [INFO] Thread-12: Parsed product: Kromeon
2025-10-03 01:40:29,871 [INFO] Thread-27: Parsed product: K2
2025-10-03 01:40:29,904 [INFO] Thread-11: Parsed product: King of App
2025-10-03 01:40:29,941 [INFO] Thread-7: Parsed product: KITT.AI
2025-10-03 01:40:29,945 [INFO] Thread-5: Parsed product: Kuoll
2025-10-03 01:40:30,032 [INFO] Thread-18: Parsed product: Lovable
2025-10-03 01:40:30,058 [INFO] Thread-26: Parsed product: Laravel Nova
2025-10-03 01:40:30,099 [INFO] Thread-2: Parsed product: Kuya Technologies
2025-10-03 01:40:30,132 [INFO] Thread-21: Parsed product: LocalStack
2025-10-03 01:40:30,158 [INFO] Thread-28: Parsed product: LINQpad
2025-10-03 01:40:30,223 [INFO] Thread-15: Parsed product: Magnet
2025-10-03 01:40:30,268 [INFO] Thread-16: Parsed product: MAMP
2025-10-03 01:40:30,323 [INFO] Thread-24: Parsed product: Markdown
2025-10-03 01:40:30,389 [INFO] Thread-1: Parsed product: manifold.net
2025-10-03 01:40:30,392 [INFO] PostgresWriter: Wrote 20 products to DB.
2025-10-03 01:40:30,401 [INFO] Thread-17: Parsed product: MatsSoft
2025-10-03 01:40:30,424 [INFO] Thread-23: Parsed product: Metoda
2025-10-03 01:40:30,454 [INFO] Thread-29: Parsed product: Meya
2025-10-03 01:40:30,479 [INFO] Thread-19: Parsed product: Mendix
2025-10-03 01:40:30,502 [INFO] Thread-14: Parsed product: Maxtra Technologies
2025-10-03 01:40:30,542 [INFO] Thread-6: Parsed product: Mobincube
2025-10-03 01:40:30,551 [INFO] Thread-9: Parsed product: Michał Męciński
2025-10-03 01:40:30,585 [INFO] Thread-13: Parsed product: mrc-productivity.com
2025-10-03 01:40:30,609 [INFO] Thread-20: Parsed product: Nectareon
2025-10-03 01:40:30,624 [INFO] Thread-4: Parsed product: Meteor
2025-10-03 01:40:30,694 [INFO] Thread-3: Parsed product: Motion AI
2025-10-03 01:40:30,795 [INFO] Thread-10: Parsed product: NexusDB
2025-10-03 01:40:30,804 [INFO] Thread-8: Parsed product: NuGet
2025-10-03 01:40:30,843 [INFO] Thread-27: Parsed product: Peganza
2025-10-03 01:40:30,872 [INFO] Thread-25: Parsed product: OptumSoft
2025-10-03 01:40:30,880 [INFO] Thread-12: Parsed product: Origami Studios
2025-10-03 01:40:30,895 [INFO] Thread-30: Parsed product: NineStack
2025-10-03 01:40:30,897 [INFO] Thread-7: Parsed product: PHC Digital
2025-10-03 01:40:30,924 [INFO] Thread-5: Parsed product: Portal Labs
2025-10-03 01:40:30,954 [INFO] Thread-11: Parsed product: Permalink
2025-10-03 01:40:30,958 [INFO] PostgresWriter: Wrote 20 products to DB.
2025-10-03 01:40:30,994 [INFO] Thread-22: Parsed product: Okay Software
2025-10-03 01:40:31,037 [INFO] Thread-23: Parsed product: RuviSoft
2025-10-03 01:40:31,080 [INFO] Thread-26: Parsed product: Propensity
2025-10-03 01:40:31,141 [INFO] Thread-18: Parsed product: Portkey
2025-10-03 01:40:31,184 [INFO] Thread-28: Parsed product: Querix
2025-10-03 01:40:31,228 [INFO] Thread-2: Parsed product: Pull Reminders
2025-10-03 01:40:31,250 [INFO] Thread-21: Parsed product: qalcwise.com
2025-10-03 01:40:31,281 [INFO] Thread-15: Parsed product: Realm
2025-10-03 01:40:31,301 [INFO] Thread-16: Parsed product: Reo
2025-10-03 01:40:31,364 [INFO] Thread-24: Parsed product: Resourcely
2025-10-03 01:40:31,509 [INFO] Thread-9: Parsed product: SharpQuest
2025-10-03 01:40:31,538 [INFO] Thread-1: Parsed product: RKA Infotech
2025-10-03 01:40:31,543 [INFO] Thread-17: Parsed product: RST Software
2025-10-03 01:40:31,570 [INFO] Thread-14: Parsed product: SDSol Technologies
2025-10-03 01:40:31,573 [INFO] Thread-29: Parsed product: Satva Softech
2025-10-03 01:40:31,591 [INFO] Thread-19: Parsed product: Scala Language
2025-10-03 01:40:31,596 [INFO] Thread-6: Parsed product: Sequence.js
2025-10-03 01:40:31,668 [INFO] Thread-13: Parsed product: Sheetgo
2025-10-03 01:40:31,673 [INFO] Thread-4: Parsed product: SilverSiphon
2025-10-03 01:40:31,702 [INFO] Thread-3: Parsed product: Simplifier AG
2025-10-03 01:40:31,705 [INFO] PostgresWriter: Wrote 20 products to DB.
2025-10-03 01:40:31,729 [INFO] Thread-20: Parsed product: Signadot
2025-10-03 01:40:31,858 [INFO] Thread-8: Parsed product: Smart Apps Creator
2025-10-03 01:40:31,882 [INFO] Thread-30: Parsed product: SoftwareHut
2025-10-03 01:40:31,938 [INFO] Thread-25: Parsed product: SoftGrid Computers
2025-10-03 01:40:31,952 [INFO] Thread-27: Parsed product: Softarex Technologies
2025-10-03 01:40:31,956 [INFO] Thread-10: Parsed product: Siteleaf
2025-10-03 01:40:32,005 [INFO] Thread-12: Parsed product: Software Development Hub
2025-10-03 01:40:32,008 [INFO] Thread-11: Parsed product: SP Infocom
2025-10-03 01:40:32,014 [INFO] Thread-7: Parsed product: SourceMeter
2025-10-03 01:40:32,092 [INFO] Thread-5: Parsed product: Spartez
2025-10-03 01:40:32,102 [INFO] Thread-23: Parsed product: Stainless
2025-10-03 01:40:32,106 [INFO] Thread-26: Parsed product: Sush.io
2025-10-03 01:40:32,117 [INFO] Thread-18: Parsed product: Svitla Software
2025-10-03 02:18:34,589 [INFO] MainThread: ScraperApp starting.
2025-10-03 02:18:34,594 [INFO] MainThread: Producer starting for categories: ['https://www.vendr.com/categories/devops', 'https://www.vendr.com/categories/it-infrastructure', 'https://www.vendr.com/categories/data-analytics-and-management']
2025-10-03 02:18:34,594 [INFO] SQLiteWriter: SQLiteWriter starting.
2025-10-03 02:18:40,146 [INFO] Thread-12: Parsed product: Jellyfish.co
2025-10-03 02:18:40,650 [INFO] SQLiteWriter: Wrote 1 products to DB.
2025-10-03 02:18:42,476 [INFO] Thread-25: Parsed product: Sidekiq
2025-10-03 02:18:42,980 [INFO] SQLiteWriter: Wrote 1 products to DB.
2025-10-03 02:18:42,988 [INFO] Thread-8: Parsed product: Sourcegraph
2025-10-03 02:18:43,052 [INFO] Thread-14: Parsed product: DHTMLX
2025-10-03 02:18:43,080 [INFO] Thread-22: Parsed product: Cloudsmith
2025-10-03 02:18:43,098 [INFO] Thread-15: Parsed product: Aptible
2025-10-03 02:18:43,204 [INFO] Thread-18: Parsed product: Swarmia
2025-10-03 02:18:43,221 [INFO] Thread-3: Parsed product: Embarcadero Technologies
2025-10-03 02:18:43,235 [INFO] Thread-19: Parsed product: Cloudpipes
2025-10-03 02:18:43,322 [INFO] Thread-17: Parsed product: Sonatype
2025-10-03 02:18:43,400 [INFO] Thread-13: Parsed product: Jama Software
2025-10-03 02:18:43,458 [INFO] Thread-26: Parsed product: Codacy
2025-10-03 02:18:43,524 [INFO] Thread-9: Parsed product: Progress
2025-10-03 02:18:43,609 [INFO] Thread-21: Parsed product: Semgrep
2025-10-03 02:18:43,616 [INFO] Thread-1: Parsed product: LinearB
2025-10-03 02:18:43,652 [INFO] Thread-6: Parsed product: Sonarsource
2025-10-03 02:18:43,678 [INFO] Thread-28: Parsed product: Chocolatey
2025-10-03 02:18:43,713 [INFO] Thread-25: Parsed product: TeamDev
2025-10-03 02:18:43,738 [INFO] Thread-12: Parsed product: Superblocks
2025-10-03 02:18:43,767 [INFO] Thread-7: Parsed product: Retool
2025-10-03 02:18:44,038 [INFO] Thread-29: Parsed product: OutSystems
2025-10-03 02:18:44,132 [INFO] Thread-15: Parsed product: Hex-Rays
2025-10-03 02:18:44,138 [INFO] SQLiteWriter: Wrote 20 products to DB.
2025-10-03 02:18:44,198 [INFO] Thread-14: Parsed product: Cleo Labs
2025-10-03 02:18:44,249 [INFO] Thread-8: Parsed product: Bubble
2025-10-03 02:18:44,253 [INFO] Thread-18: Parsed product: Insomnia REST Client
2025-10-03 02:18:44,330 [INFO] Thread-3: Parsed product: Rogue Wave Software
2025-10-03 02:18:44,331 [INFO] Thread-27: Parsed product: npm
2025-10-03 02:18:44,410 [INFO] Thread-17: Parsed product: Andros
2025-10-03 02:18:44,445 [INFO] Thread-2: Parsed product: Encora
2025-10-03 02:18:44,474 [INFO] Thread-22: Parsed product: Cortez Labs
2025-10-03 02:18:44,479 [INFO] Thread-13: Parsed product: BARR
2025-10-03 02:18:44,496 [INFO] Thread-10: Parsed product: Developer Express
2025-10-03 02:18:44,517 [INFO] Thread-23: Parsed product: Aspose
2025-10-03 02:18:44,636 [INFO] Thread-26: Parsed product: Bit
2025-10-03 02:18:44,639 [INFO] Thread-9: Parsed product: CodeScan
2025-10-03 02:18:44,713 [INFO] Thread-19: Parsed product: Waydev
2025-10-03 02:18:44,761 [INFO] Thread-6: Parsed product: Flare.build
2025-10-03 02:18:44,770 [INFO] Thread-28: Parsed product: Glide
2025-10-03 02:18:44,783 [INFO] Thread-21: Parsed product: CodeScene
2025-10-03 02:18:44,804 [INFO] Thread-1: Parsed product: Edgio
2025-10-03 02:18:44,876 [INFO] Thread-12: Parsed product: Laravel
2025-10-03 02:18:44,925 [INFO] Thread-4: Parsed product: Altium
2025-10-03 02:18:44,929 [INFO] SQLiteWriter: Wrote 20 products to DB.
2025-10-03 02:18:44,953 [INFO] Thread-25: Parsed product: JxBrowser
2025-10-03 02:18:44,980 [INFO] Thread-7: Parsed product: OpenZeppelin
2025-10-03 02:18:45,231 [INFO] Thread-15: Parsed product: Syncro Soft
2025-10-03 02:18:45,295 [INFO] Thread-29: Parsed product: Prismatic
2025-10-03 02:18:45,799 [INFO] SQLiteWriter: Wrote 4 products to DB.
2025-10-03 02:18:50,647 [INFO] Thread-11: Parsed product: Haystack
2025-10-03 02:18:50,681 [INFO] Thread-16: Parsed product: Dynamsoft
2025-10-03 02:18:50,682 [INFO] Thread-20: Parsed product: KiSSFLOW
2025-10-03 02:18:50,688 [INFO] Thread-24: Parsed product: EPAM Systems
2025-10-03 02:18:50,694 [INFO] Thread-30: Parsed product: Incredibuild Software
2025-10-03 02:18:50,699 [INFO] Thread-5: Parsed product: Gurobi
2025-10-03 02:18:51,203 [INFO] SQLiteWriter: Wrote 6 products to DB.
2025-10-03 02:18:51,950 [INFO] Thread-15: Parsed product: Jitpack
2025-10-03 02:18:52,049 [INFO] Thread-9: Parsed product: Gnostice
2025-10-03 02:18:52,065 [INFO] Thread-4: Parsed product: Zero Turnaround Jrebel
2025-10-03 02:18:52,069 [INFO] Thread-19: Parsed product: Dagster
2025-10-03 02:18:52,134 [INFO] Thread-16: Parsed product: DB Solo
2025-10-03 02:18:52,153 [INFO] Thread-29: Parsed product: Guru TechnoLabs
2025-10-03 02:18:52,169 [INFO] Thread-8: Parsed product: Cloud 66
2025-10-03 02:18:52,194 [INFO] Thread-7: Parsed product: Headway
2025-10-03 02:18:52,289 [INFO] Thread-2: Parsed product: Edison Design Group
2025-10-03 02:18:52,297 [INFO] Thread-26: Parsed product: CloudShark
2025-10-03 02:18:52,801 [INFO] SQLiteWriter: Wrote 10 products to DB.
2025-10-03 02:18:53,623 [INFO] Thread-25: Parsed product: Midrange Dynamics NA
2025-10-03 02:18:53,678 [INFO] Thread-30: Parsed product: PackageCloud
2025-10-03 02:18:53,693 [INFO] Thread-24: Parsed product: MapTiler
2025-10-03 02:18:53,714 [INFO] Thread-10: Parsed product: MyGet
2025-10-03 02:18:53,726 [INFO] Thread-6: Parsed product: jOOQ
2025-10-03 02:18:53,730 [INFO] Thread-20: Parsed product: Caylent
2025-10-03 02:18:53,782 [INFO] Thread-5: Parsed product: CGAL
2025-10-03 02:18:53,808 [INFO] Thread-11: Parsed product: Cad
2025-10-03 02:18:53,826 [INFO] Thread-14: Parsed product: Perforce Stingray
2025-10-03 02:18:53,851 [INFO] Thread-21: Parsed product: Steema
2025-10-03 02:18:53,856 [INFO] Thread-18: Parsed product: Private Packagist
2025-10-03 02:18:53,899 [INFO] Thread-13: Parsed product: Linux Foundation
2025-10-03 02:18:54,030 [INFO] Thread-28: Parsed product: PNF Software
2025-10-03 02:18:54,062 [INFO] Thread-22: Parsed product: Shakudo
2025-10-03 02:18:54,097 [INFO] Thread-23: Parsed product: Actipro Software
2025-10-03 02:18:54,223 [INFO] Thread-17: Parsed product: Voiceflow
2025-10-03 02:18:54,424 [INFO] Thread-27: Parsed product: Webhook.site
2025-10-03 02:18:54,462 [INFO] Thread-12: Parsed product: Airplane
2025-10-03 02:18:54,541 [INFO] Thread-4: Parsed product: ActiveState
2025-10-03 02:18:54,559 [INFO] Thread-1: Parsed product: Xceed Software
2025-10-03 02:18:54,565 [INFO] Thread-29: Parsed product: Binary Stream Software
2025-10-03 02:18:54,571 [INFO] SQLiteWriter: Wrote 20 products to DB.
2025-10-03 02:18:54,572 [INFO] Thread-19: Parsed product: Trunk.io
2025-10-03 02:18:54,598 [INFO] Thread-8: Parsed product: Appanvil
2025-10-03 02:18:54,632 [INFO] Thread-7: Parsed product: CodePen
2025-10-03 02:18:54,671 [INFO] Thread-24: Parsed product: CUBA platform
2025-10-03 02:18:54,706 [INFO] Thread-9: Parsed product: Appenate
2025-10-03 02:18:54,755 [INFO] Thread-11: Parsed product: FormValidation
2025-10-03 02:18:54,805 [INFO] Thread-30: Parsed product: CompilerWorks
2025-10-03 02:18:54,854 [INFO] Thread-21: Parsed product: Gemfury
2025-10-03 02:18:54,922 [INFO] Thread-20: Parsed product: Exadel
2025-10-03 02:18:54,932 [INFO] Thread-10: Parsed product: DeepSource
2025-10-03 02:18:55,033 [INFO] Thread-15: Parsed product: Accelo
2025-10-03 02:18:55,042 [INFO] Thread-5: Parsed product: Expo.dev
2025-10-03 02:18:55,099 [INFO] Thread-14: Parsed product: Garden
2025-10-03 02:18:55,122 [INFO] Thread-2: Parsed product: Chainstack
2025-10-03 02:18:55,126 [INFO] Thread-26: Parsed product: Appian
2025-10-03 02:18:55,176 [INFO] Thread-3: Parsed product: V7
2025-10-03 02:18:55,181 [INFO] Thread-13: Parsed product: Go2Group ConnectAll
2025-10-03 02:18:55,207 [INFO] Thread-25: Parsed product: CoGrammar
2025-10-03 02:18:55,226 [INFO] Thread-18: Parsed product: Getform
2025-10-03 02:18:55,231 [INFO] SQLiteWriter: Wrote 20 products to DB.
2025-10-03 02:18:55,383 [INFO] Thread-6: Parsed product: DuploCloud
2025-10-03 02:18:55,462 [INFO] Thread-16: Parsed product: CodeRabbit
2025-10-03 02:18:55,471 [INFO] Thread-12: Parsed product: Nagarro
2025-10-03 02:18:55,573 [INFO] Thread-23: Parsed product: IAR Systems
2025-10-03 02:18:55,586 [INFO] Thread-4: Parsed product: NDepend
2025-10-03 02:18:55,620 [INFO] Thread-19: Parsed product: Plausible Labs
2025-10-03 02:18:55,646 [INFO] Thread-28: Parsed product: Koombea
2025-10-03 02:18:55,667 [INFO] Thread-8: Parsed product: Port
2025-10-03 02:18:55,707 [INFO] Thread-29: Parsed product: Platform9
2025-10-03 02:18:55,750 [INFO] Thread-17: Parsed product: Internal.io
2025-10-03 02:18:55,756 [INFO] Thread-7: Parsed product: PullApprove
2025-10-03 02:18:55,777 [INFO] Thread-1: Parsed product: Ongraph
2025-10-03 02:18:55,837 [INFO] Thread-22: Parsed product: Interval
2025-10-03 02:18:55,877 [INFO] Thread-24: Parsed product: PythonAnywhere
2025-10-03 02:18:55,907 [INFO] Thread-30: Parsed product: ServiceStack
2025-10-03 02:18:55,947 [INFO] Thread-27: Parsed product: Helius
2025-10-03 02:18:55,954 [INFO] Thread-11: Parsed product: Riverbank Computing
2025-10-03 02:18:56,009 [INFO] Thread-21: Parsed product: Snapbytes
2025-10-03 02:18:56,013 [INFO] Thread-20: Parsed product: Streamlit
2025-10-03 02:18:56,135 [INFO] Thread-14: Parsed product: Tivity
2025-10-03 02:18:56,139 [INFO] Thread-13: Parsed product: Vaadin
2025-10-03 02:18:56,142 [INFO] SQLiteWriter: Wrote 20 products to DB.
2025-10-03 02:18:56,168 [INFO] Thread-15: Parsed product: Tasktop
2025-10-03 02:18:56,183 [INFO] Thread-2: Parsed product: Touchtone
2025-10-03 02:18:56,186 [INFO] Thread-10: Parsed product: SubX
2025-10-03 02:18:56,194 [INFO] Thread-5: Parsed product: Telerik
2025-10-03 02:18:56,203 [INFO] Thread-9: Parsed product: Quickbase
2025-10-03 02:18:56,221 [INFO] Thread-26: Parsed product: TrackVia
2025-10-03 02:18:56,241 [INFO] Thread-3: Parsed product: Unblocked
2025-10-03 02:18:56,330 [INFO] Thread-18: Parsed product: VisualHint
2025-10-03 02:18:56,341 [INFO] Thread-25: Parsed product: Vector Draw
2025-10-03 02:18:56,402 [INFO] Thread-6: Parsed product: Webiny
2025-10-03 02:18:56,484 [INFO] Thread-16: Parsed product: 10 Grounds
2025-10-03 02:18:56,565 [INFO] Thread-12: Parsed product: 8xtrade
2025-10-03 02:18:56,646 [INFO] Thread-28: Parsed product: anycode.io
2025-10-03 02:18:56,651 [INFO] Thread-19: Parsed product: Alpha Software
2025-10-03 02:18:56,719 [INFO] Thread-4: Parsed product: AI Software LLC
2025-10-03 02:18:56,818 [INFO] Thread-8: Parsed product: Anysphere
2025-10-03 02:18:56,820 [INFO] Thread-13: Parsed product: banshee-php.org
2025-10-03 02:18:56,831 [INFO] Thread-7: Parsed product: App India
2025-10-03 02:18:56,862 [INFO] Thread-1: Parsed product: AppLaunchpad
2025-10-03 02:18:56,871 [INFO] Thread-23: Parsed product: AIIP, LLC
2025-10-03 02:18:56,874 [INFO] Thread-22: Parsed product: AppSheet
2025-10-03 02:18:56,876 [INFO] SQLiteWriter: Wrote 20 products to DB.
2025-10-03 02:18:56,881 [INFO] Thread-29: Parsed product: Api.ai
2025-10-03 02:18:56,900 [INFO] Thread-17: Parsed product: AppArchitect
2025-10-03 02:18:56,930 [INFO] Thread-24: Parsed product: Appsmith
2025-10-03 02:18:56,964 [INFO] Thread-30: Parsed product: AppStudio
2025-10-03 02:18:57,074 [INFO] Thread-27: Parsed product: Appy Pie
2025-10-03 02:18:57,086 [INFO] Thread-11: Parsed product: Aquip.io
2025-10-03 02:18:57,131 [INFO] Thread-25: Parsed product: BoxUK
2025-10-03 02:18:57,180 [INFO] Thread-20: Parsed product: Audiokinetic
2025-10-03 02:18:57,197 [INFO] Thread-10: Parsed product: Blast Off Apps
2025-10-03 02:18:57,199 [INFO] Thread-21: Parsed product: Araelium
2025-10-03 02:18:57,251 [INFO] Thread-15: Parsed product: Beautiful Code
2025-10-03 02:18:57,277 [INFO] Thread-14: Parsed product: babelforce
2025-10-03 02:18:57,326 [INFO] Thread-26: Parsed product: BlueStacks Android Emulator
2025-10-03 02:18:57,360 [INFO] Thread-18: Parsed product: Botsify
2025-10-03 02:18:57,392 [INFO] Thread-3: Parsed product: BOFC
2025-10-03 02:18:57,412 [INFO] Thread-5: Parsed product: Bluefish
2025-10-03 02:18:57,428 [INFO] Thread-2: Parsed product: BillionApps
2025-10-03 02:18:57,452 [INFO] Thread-9: Parsed product: Bluefish
2025-10-03 02:18:57,458 [INFO] SQLiteWriter: Wrote 19 products to DB.
2025-10-03 02:18:57,471 [INFO] Thread-6: Parsed product: Builtinsoft
2025-10-03 02:18:57,577 [INFO] Thread-16: Parsed product: BytePlus
2025-10-03 02:18:57,736 [INFO] Thread-19: Parsed product: Castle Project
2025-10-03 02:18:57,750 [INFO] Thread-12: Parsed product: CadLib
2025-10-03 02:18:57,760 [INFO] Thread-28: Parsed product: Calls9
2025-10-03 02:18:57,780 [INFO] Thread-4: Parsed product: Chatfuel
2025-10-03 02:18:57,821 [INFO] Thread-8: Parsed product: CloudRepo
2025-10-03 02:18:57,845 [INFO] Thread-22: Parsed product: cre8
2025-10-03 02:18:57,915 [INFO] Thread-13: Parsed product: CodeFirst
2025-10-03 02:18:57,925 [INFO] Thread-17: Parsed product: Cucumber
2025-10-03 02:18:57,944 [INFO] Thread-7: Parsed product: Codeless Solutions
2025-10-03 02:18:57,948 [INFO] Thread-30: Parsed product: Cynetis Embedded
2025-10-03 02:18:57,960 [INFO] Thread-29: Parsed product: CruzataSoft
2025-10-03 02:18:57,995 [INFO] Thread-18: Parsed product: Engineer.ai
2025-10-03 02:18:58,126 [INFO] Thread-1: Parsed product: Code Science
2025-10-03 02:18:58,144 [INFO] Thread-23: Parsed product: CollabNet
2025-10-03 02:18:58,150 [INFO] Thread-27: Parsed product: Datics AI
2025-10-03 02:18:58,175 [INFO] Thread-24: Parsed product: CYBRA
2025-10-03 02:18:58,206 [INFO] Thread-11: Parsed product: datree.io
2025-10-03 02:18:58,223 [INFO] Thread-15: Parsed product: DiscoverSDK
2025-10-03 02:18:58,231 [INFO] SQLiteWriter: Wrote 20 products to DB.
2025-10-03 02:18:58,277 [INFO] Thread-25: Parsed product: Dedicogroup
2025-10-03 02:18:58,279 [INFO] Thread-10: Parsed product: DevFactory FZ
2025-10-03 02:18:58,307 [INFO] Thread-26: Parsed product: DxMinds
2025-10-03 02:18:58,324 [INFO] Thread-21: Parsed product: Diffco
2025-10-03 02:18:58,328 [INFO] Thread-14: Parsed product: DronaHQ
2025-10-03 02:18:58,367 [INFO] Thread-20: Parsed product: DevCom
2025-10-03 02:18:58,483 [INFO] Thread-3: Parsed product: ENS Software Solutions
2025-10-03 02:18:58,558 [INFO] Thread-5: Parsed product: envoyer.io
2025-10-03 02:18:58,560 [INFO] Thread-6: Parsed product: Fictive Studios
2025-10-03 02:18:58,563 [INFO] Thread-9: Parsed product: FeatureHub
2025-10-03 02:18:58,581 [INFO] Thread-2: Parsed product: Exemplary Marketing
2025-10-03 02:18:58,651 [INFO] Thread-16: Parsed product: Finoit
2025-10-03 02:18:58,843 [INFO] Thread-4: Parsed product: GeneXus
2025-10-03 02:18:58,848 [INFO] Thread-19: Parsed product: Flagsmith
2025-10-03 02:18:58,864 [INFO] Thread-8: Parsed product: GeometryFactory
2025-10-03 02:18:58,867 [INFO] Thread-28: Parsed product: Fusion Informatics
2025-10-03 02:18:58,888 [INFO] Thread-22: Parsed product: Gerrit
2025-10-03 02:18:58,893 [INFO] Thread-17: Parsed product: Glitz IT Solutions
2025-10-03 02:18:59,025 [INFO] Thread-18: Parsed product: Graphql.pro
2025-10-03 02:18:59,030 [INFO] Thread-7: Parsed product: GNOME Evolution
2025-10-03 02:18:59,037 [INFO] SQLiteWriter: Wrote 20 products to DB.
2025-10-03 02:18:59,040 [INFO] Thread-12: Parsed product: FuelPHP
2025-10-03 02:18:59,043 [INFO] Thread-29: Parsed product: Grails Framework
2025-10-03 02:18:59,126 [INFO] Thread-30: Parsed product: GoCloudz
2025-10-03 02:18:59,213 [INFO] Thread-13: Parsed product: Gitcolony
2025-10-03 02:18:59,230 [INFO] Thread-23: Parsed product: Grunt
2025-10-03 02:18:59,256 [INFO] Thread-1: Parsed product: Gravit-e Technologies
2025-10-03 02:18:59,311 [INFO] Thread-10: Parsed product: HireFire
2025-10-03 02:18:59,324 [INFO] Thread-11: Parsed product: HackerKernel
2025-10-03 02:18:59,326 [INFO] Thread-15: Parsed product: Hardwin Software Solutions
2025-10-03 02:18:59,349 [INFO] Thread-21: Parsed product: Idea To Startup
2025-10-03 02:18:59,388 [INFO] Thread-25: Parsed product: Hecate
2025-10-03 02:18:59,396 [INFO] Thread-27: Parsed product: GvCloud Secure
2025-10-03 02:18:59,403 [INFO] Thread-24: Parsed product: Hackerbay
2025-10-03 02:18:59,419 [INFO] Thread-14: Parsed product: IKAN ALM
2025-10-03 02:18:59,433 [INFO] Thread-26: Parsed product: Iconic Solutions
2025-10-03 02:18:59,530 [INFO] Thread-20: Parsed product: Iksanika
2025-10-03 02:18:59,601 [INFO] Thread-3: Parsed product: iLeap
2025-10-03 02:18:59,654 [INFO] Thread-5: Parsed product: Intland Software
2025-10-03 02:18:59,689 [INFO] Thread-16: Parsed product: Jump Solutions
2025-10-03 02:18:59,708 [INFO] Thread-6: Parsed product: Intvo
2025-10-03 02:18:59,715 [INFO] SQLiteWriter: Wrote 20 products to DB.
2025-10-03 02:18:59,730 [INFO] Thread-2: Parsed product: Joyfill
2025-10-03 02:18:59,736 [INFO] Thread-9: Parsed product: iShore Software
2025-10-03 02:18:59,891 [INFO] Thread-19: Parsed product: Kapeli
2025-10-03 02:18:59,912 [INFO] Thread-22: Parsed product: Kintone
2025-10-03 02:18:59,916 [INFO] Thread-28: Parsed product: King of App
2025-10-03 02:18:59,936 [INFO] Thread-4: Parsed product: K2
2025-10-03 02:19:00,012 [INFO] Thread-8: Parsed product: Kenzap
2025-10-03 02:19:00,018 [INFO] Thread-17: Parsed product: KITT.AI
2025-10-03 02:19:00,072 [INFO] Thread-14: Parsed product: Metoda
2025-10-03 02:19:00,134 [INFO] Thread-7: Parsed product: Kuoll
2025-10-03 02:19:00,144 [INFO] Thread-18: Parsed product: Kromeon
2025-10-03 02:19:00,157 [INFO] Thread-12: Parsed product: Kuya Technologies
2025-10-03 02:19:00,189 [INFO] Thread-30: Parsed product: LINQpad
2025-10-03 02:19:00,196 [INFO] Thread-29: Parsed product: Laravel Nova
2025-10-03 02:19:00,212 [INFO] Thread-23: Parsed product: Lovable
2025-10-03 02:19:00,313 [INFO] Thread-1: Parsed product: Magnet
2025-10-03 02:19:00,336 [INFO] Thread-13: Parsed product: LocalStack
2025-10-03 02:19:00,416 [INFO] Thread-11: Parsed product: manifold.net
2025-10-03 02:19:00,420 [INFO] Thread-10: Parsed product: MAMP
2025-10-03 02:19:00,424 [INFO] Thread-15: Parsed product: Markdown
2025-10-03 02:19:00,430 [INFO] SQLiteWriter: Wrote 20 products to DB.
2025-10-03 02:19:00,445 [INFO] Thread-21: Parsed product: MatsSoft
2025-10-03 02:19:00,463 [INFO] Thread-24: Parsed product: Meteor
2025-10-03 02:19:00,474 [INFO] Thread-26: Parsed product: Meya
2025-10-03 02:19:00,571 [INFO] Thread-27: Parsed product: Mendix
2025-10-03 02:19:00,574 [INFO] Thread-25: Parsed product: Maxtra Technologies
2025-10-03 02:19:00,751 [INFO] Thread-3: Parsed product: Mobincube
2025-10-03 02:19:00,758 [INFO] Thread-5: Parsed product: Motion AI
2025-10-03 02:19:00,761 [INFO] Thread-2: Parsed product: NexusDB
2025-10-03 02:19:00,765 [INFO] Thread-20: Parsed product: Michał Męciński
2025-10-03 02:19:00,853 [INFO] Thread-6: Parsed product: Nectareon
2025-10-03 02:19:00,881 [INFO] Thread-9: Parsed product: NineStack
2025-10-03 02:19:00,891 [INFO] Thread-16: Parsed product: mrc-productivity.com
2025-10-03 02:19:00,915 [INFO] Thread-4: Parsed product: Origami Studios
2025-10-03 02:19:01,000 [INFO] Thread-22: Parsed product: Okay Software
2025-10-03 02:19:01,017 [INFO] Thread-28: Parsed product: OptumSoft
2025-10-03 02:19:01,072 [INFO] Thread-19: Parsed product: NuGet
2025-10-03 02:19:01,086 [INFO] Thread-17: Parsed product: Permalink
2025-10-03 02:19:01,178 [INFO] Thread-30: Parsed product: Pull Reminders
2025-10-03 02:19:01,185 [INFO] Thread-14: Parsed product: PHC Digital
2025-10-03 02:19:01,188 [INFO] Thread-8: Parsed product: Peganza
2025-10-03 02:19:01,198 [INFO] SQLiteWriter: Wrote 20 products to DB.
2025-10-03 02:19:01,214 [INFO] Thread-29: Parsed product: qalcwise.com
2025-10-03 02:19:01,263 [INFO] Thread-7: Parsed product: Portal Labs
2025-10-03 02:19:01,290 [INFO] Thread-12: Parsed product: Propensity
2025-10-03 02:19:01,311 [INFO] Thread-18: Parsed product: Portkey
2025-10-03 02:19:01,348 [INFO] Thread-23: Parsed product: Querix
2025-10-03 02:19:01,375 [INFO] Thread-13: Parsed product: Reo
2025-10-03 02:19:01,377 [INFO] Thread-21: Parsed product: RuviSoft
2025-10-03 02:19:01,446 [INFO] Thread-15: Parsed product: RST Software
2025-10-03 02:19:01,493 [INFO] Thread-1: Parsed product: Realm
2025-10-03 02:19:01,508 [INFO] Thread-10: Parsed product: RKA Infotech
2025-10-03 02:19:01,602 [INFO] Thread-24: Parsed product: Satva Softech
2025-10-03 02:19:01,648 [INFO] Thread-11: Parsed product: Resourcely
2025-10-03 02:19:01,765 [INFO] Thread-27: Parsed product: SDSol Technologies
2025-10-03 02:19:01,784 [INFO] Thread-25: Parsed product: Sequence.js
2025-10-03 02:19:01,810 [INFO] Thread-26: Parsed product: Scala Language
2025-10-03 02:19:01,834 [INFO] Thread-8: Parsed product: SQL Enlight
2025-10-03 02:19:01,869 [INFO] Thread-3: Parsed product: SharpQuest
2025-10-03 02:19:01,900 [INFO] Thread-9: Parsed product: Siteleaf
2025-10-03 02:19:01,925 [INFO] Thread-5: Parsed product: Sheetgo
2025-10-03 02:19:01,933 [INFO] Thread-2: Parsed product: Signadot
2025-10-03 02:19:01,940 [INFO] SQLiteWriter: Wrote 20 products to DB.
2025-10-03 02:19:01,945 [INFO] Thread-16: Parsed product: Smart Apps Creator
2025-10-03 02:19:01,963 [INFO] Thread-28: Parsed product: Software Development Hub
2025-10-03 02:19:02,009 [INFO] Thread-20: Parsed product: SilverSiphon
2025-10-03 02:19:02,033 [INFO] Thread-22: Parsed product: SoftGrid Computers
2025-10-03 02:19:02,072 [INFO] Thread-19: Parsed product: SoftwareHut
2025-10-03 02:19:02,099 [INFO] Thread-4: Parsed product: Softarex Technologies
2025-10-03 02:19:02,259 [INFO] Thread-7: Parsed product: Sush.io
2025-10-03 02:19:02,298 [INFO] Thread-30: Parsed product: Spartez
2025-10-03 02:19:02,313 [INFO] Thread-14: Parsed product: SP Infocom
2025-10-03 02:19:02,322 [INFO] Thread-17: Parsed product: SourceMeter
2025-10-03 02:19:02,342 [INFO] Thread-6: Parsed product: Simplifier AG
2025-10-03 02:19:02,362 [INFO] Thread-12: Parsed product: Svitla Software
2025-10-03 02:19:02,405 [INFO] Thread-29: Parsed product: Stainless
2025-10-03 02:19:02,472 [INFO] Thread-23: Parsed product: TactiCom
2025-10-03 02:19:02,477 [INFO] Thread-13: Parsed product: TARS
2025-10-03 02:19:02,506 [INFO] Thread-15: Parsed product: Tech Tinder Box
2025-10-03 02:19:02,553 [INFO] Thread-21: Parsed product: Technicate Solutions
2025-10-03 02:19:02,572 [INFO] Thread-18: Parsed product: Synergex
2025-10-03 02:19:02,574 [INFO] Thread-1: Parsed product: TeeChart Pro
2025-10-03 02:19:02,641 [INFO] Thread-24: Parsed product: The NineHertz
2025-10-03 02:19:02,646 [INFO] SQLiteWriter: Wrote 20 products to DB.
2025-10-03 02:19:02,780 [INFO] Thread-10: Parsed product: The Guild
2025-10-03 02:19:02,809 [INFO] Thread-11: Parsed product: ThinkInBytes
2025-10-03 02:19:02,847 [INFO] Thread-25: Parsed product: TP&P Technology
2025-10-03 02:19:02,876 [INFO] Thread-3: Parsed product: Unqork
2025-10-03 02:19:02,908 [INFO] Thread-8: Parsed product: Unosquare
2025-10-03 02:19:02,913 [INFO] Thread-2: Parsed product: Vmoksha
2025-10-03 02:19:02,934 [INFO] Thread-26: Parsed product: turbogears.org
2025-10-03 02:19:02,947 [INFO] Thread-27: Parsed product: ToolJet
2025-10-03 02:19:02,969 [INFO] Thread-9: Parsed product: Unreal Engine
2025-10-03 02:19:02,996 [INFO] Thread-5: Parsed product: Vizru
2025-10-03 02:19:03,018 [INFO] Thread-28: Parsed product: web2py
2025-10-03 02:19:03,022 [INFO] Thread-19: Parsed product: Wind River
2025-10-03 02:19:03,029 [INFO] Thread-20: Parsed product: WEBCON
2025-10-03 02:19:03,073 [INFO] Thread-16: Parsed product: Warewolf
2025-10-03 02:19:03,078 [INFO] Thread-22: Parsed product: WebRTC
2025-10-03 02:19:03,247 [INFO] Thread-4: Parsed product: WinWrap
2025-10-03 02:19:03,325 [INFO] Thread-7: Parsed product: Wout Ware
2025-10-03 02:19:03,387 [INFO] Thread-17: Parsed product: Zealous
2025-10-03 02:19:03,450 [INFO] Thread-30: Parsed product: Xcopy
2025-10-03 02:19:03,470 [INFO] Thread-14: Parsed product: Yansa Labs
2025-10-03 02:19:03,478 [INFO] SQLiteWriter: Wrote 20 products to DB.
2025-10-03 02:19:03,484 [INFO] Thread-6: Parsed product: Zelp
2025-10-03 02:19:03,488 [INFO] Thread-12: Parsed product: Zulu OpenJDK
2025-10-03 02:19:03,938 [INFO] Thread-10: Parsed product: Bugsnag
2025-10-03 02:19:03,994 [INFO] Thread-29: Parsed product: Sumo Logic
2025-10-03 02:19:04,018 [INFO] Thread-11: Parsed product: Grafana Labs
2025-10-03 02:19:04,036 [INFO] Thread-2: Parsed product: Dynatrace
2025-10-03 02:19:04,037 [INFO] Thread-5: Parsed product: Airbrake
2025-10-03 02:19:04,045 [INFO] Thread-28: Parsed product: Uptrends
2025-10-03 02:19:04,073 [INFO] Thread-1: Parsed product: SolarWinds
2025-10-03 02:19:04,087 [INFO] Thread-8: Parsed product: Monte Carlo
2025-10-03 02:19:04,089 [INFO] Thread-9: Parsed product: LightStep
2025-10-03 02:19:04,104 [INFO] Thread-25: Parsed product: Honeycomb.io
2025-10-03 02:19:04,114 [INFO] Thread-13: Parsed product: New Relic
2025-10-03 02:19:04,146 [INFO] Thread-3: Parsed product: LogicMonitor
2025-10-03 02:19:04,181 [INFO] Thread-27: Parsed product: Pingdom
2025-10-03 02:19:04,217 [INFO] Thread-20: Parsed product: StatusCake
2025-10-03 02:19:04,238 [INFO] Thread-18: Parsed product: SmartBear
2025-10-03 02:19:04,341 [INFO] Thread-23: Parsed product: Sentry
2025-10-03 02:19:04,394 [INFO] Thread-26: Parsed product: Catchpoint
2025-10-03 02:19:04,412 [INFO] Thread-19: Parsed product: VividCortex
2025-10-03 02:19:04,422 [INFO] SQLiteWriter: Wrote 20 products to DB.
2025-10-03 02:19:04,451 [INFO] Thread-16: Parsed product: AppNeta
2025-10-03 02:19:04,461 [INFO] Thread-15: Parsed product: Coralogix
2025-10-03 02:19:04,464 [INFO] Thread-21: Parsed product: Datadog
2025-10-03 02:19:04,465 [INFO] Thread-24: Parsed product: Splunk
2025-10-03 02:19:04,515 [INFO] Thread-22: Parsed product: AppSignal
2025-10-03 02:19:04,630 [INFO] Thread-4: Parsed product: MetricFire
2025-10-03 02:19:05,137 [INFO] SQLiteWriter: Wrote 6 products to DB.
2025-10-03 02:19:05,146 [INFO] Thread-5: Parsed product: Healthchecks
2025-10-03 02:19:05,168 [INFO] Thread-12: Parsed product: Zenoss
2025-10-03 02:19:05,179 [INFO] Thread-1: Parsed product: HeadSpin
2025-10-03 02:19:05,181 [INFO] Thread-3: Parsed product: Dashbird.io
2025-10-03 02:19:05,214 [INFO] Thread-29: Parsed product: Aporia
2025-10-03 02:19:05,236 [INFO] Thread-25: Parsed product: SpeedCurve
2025-10-03 02:19:05,256 [INFO] Thread-27: Parsed product: Raygun
2025-10-03 02:19:05,257 [INFO] Thread-20: Parsed product: StreamNative
2025-10-03 02:19:05,294 [INFO] Thread-11: Parsed product: batch.sh
2025-10-03 02:19:05,317 [INFO] Thread-8: Parsed product: Circonus
2025-10-03 02:19:05,332 [INFO] Thread-28: Parsed product: Bluesky
2025-10-03 02:19:05,397 [INFO] Thread-6: Parsed product: Scalyr
2025-10-03 02:19:05,415 [INFO] Thread-19: Parsed product: ApplicationPerformance
2025-10-03 02:19:05,417 [INFO] Thread-26: Parsed product: Apollo Engine
2025-10-03 02:19:05,423 [INFO] Thread-23: Parsed product: YourKit
2025-10-03 02:19:05,465 [INFO] Thread-15: Parsed product: ENow Software
2025-10-03 02:19:05,490 [INFO] Thread-24: Parsed product: mobile.dev
2025-10-03 02:19:05,562 [INFO] Thread-16: Parsed product: BigPanda
2025-10-03 02:19:05,567 [INFO] Thread-21: Parsed product: Honeybadger.io
2025-10-03 02:19:05,651 [INFO] Thread-18: Parsed product: updown.io
2025-10-03 02:19:05,660 [INFO] SQLiteWriter: Wrote 20 products to DB.
2025-10-03 02:19:05,861 [INFO] Thread-9: Parsed product: OverOps
2025-10-03 02:19:05,869 [INFO] Thread-2: Parsed product: Cronitor
2025-10-03 02:19:05,897 [INFO] Thread-14: Parsed product: VictoriaMetrics
2025-10-03 02:19:05,924 [INFO] Thread-13: Parsed product: Hund
2025-10-03 02:19:05,974 [INFO] Thread-30: Parsed product: Hosted Graphite
2025-10-03 02:19:05,980 [INFO] Thread-10: Parsed product: Epsagon
2025-10-03 02:19:06,485 [INFO] SQLiteWriter: Wrote 6 products to DB.
2025-10-03 02:19:06,709 [INFO] Thread-5: Parsed product: Spotlight
2025-10-03 02:19:06,742 [INFO] Thread-28: Parsed product: AppBeat
2025-10-03 02:19:06,756 [INFO] Thread-21: Parsed product: ErrLytics
2025-10-03 02:19:06,790 [INFO] Thread-23: Parsed product: Avada Software
2025-10-03 02:19:06,797 [INFO] Thread-4: Parsed product: DevResults
2025-10-03 02:19:06,812 [INFO] Thread-26: Parsed product: FusionReactor Java Application Performance Monitor
2025-10-03 02:19:06,873 [INFO] Thread-14: Parsed product: Nastel Technologies
2025-10-03 02:19:06,901 [INFO] Thread-20: Parsed product: Mona
2025-10-03 02:19:06,909 [INFO] Thread-27: Parsed product: Chronosphere
2025-10-03 02:19:06,929 [INFO] Thread-9: Parsed product: Monitis
2025-10-03 02:19:06,946 [INFO] Thread-2: Parsed product: MONITORAPP
2025-10-03 02:19:07,012 [INFO] Thread-13: Parsed product: netdata
2025-10-03 02:19:07,045 [INFO] Thread-24: Parsed product: PowerSuite
2025-10-03 02:19:07,157 [INFO] Thread-30: Parsed product: Sematext
2025-10-03 02:19:07,314 [INFO] Thread-5: Parsed product: Skylight
2025-10-03 02:19:07,432 [INFO] Thread-22: Parsed product: HEAL Software
2025-10-03 02:19:07,520 [INFO] Thread-10: Parsed product: ScoutAPM
2025-10-03 02:19:07,648 [INFO] Thread-19: Parsed product: AIMS
2025-10-03 02:19:07,664 [INFO] Thread-6: Parsed product: Zabbix
2025-10-03 02:19:07,684 [INFO] Thread-28: Parsed product: Stackify
2025-10-03 02:19:07,692 [INFO] SQLiteWriter: Wrote 20 products to DB.
2025-10-03 02:19:07,730 [INFO] Thread-23: Parsed product: Tilde
2025-10-03 02:19:07,794 [INFO] Thread-25: Parsed product: intermix.io
2025-10-03 02:19:07,847 [INFO] Thread-8: Parsed product: Icinga
2025-10-03 02:19:07,851 [INFO] Thread-21: Parsed product: Tideways
2025-10-03 02:19:07,888 [INFO] Thread-15: Parsed product: Logmatic.io
2025-10-03 02:19:07,928 [INFO] Thread-18: Parsed product: Librato
2025-10-03 02:19:07,932 [INFO] Thread-16: Parsed product: eG Innovations
2025-10-03 02:19:07,939 [INFO] Thread-29: Parsed product: Kadiska
2025-10-03 02:19:07,968 [INFO] Thread-1: Parsed product: Atatus
2025-10-03 02:19:07,998 [INFO] Thread-11: Parsed product: ErrorFeed
2025-10-03 02:19:08,111 [INFO] Thread-24: Parsed product: Bird Eats Bug
2025-10-03 02:19:08,204 [INFO] Thread-12: Parsed product: Inspector
2025-10-03 02:19:08,212 [INFO] Thread-3: Parsed product: Axiom
2025-10-03 02:19:08,328 [INFO] Thread-19: Parsed product: BugReplay
2025-10-03 02:19:08,394 [INFO] Thread-13: Parsed product: Accelex
2025-10-03 02:19:08,398 [INFO] Thread-22: Parsed product: Buglife
2025-10-03 02:19:08,420 [INFO] Thread-6: Parsed product: Bugsee
2025-10-03 02:19:08,431 [INFO] Thread-20: Parsed product: Backtrace
2025-10-03 02:19:08,439 [INFO] Thread-9: Parsed product: MantisBT
2025-10-03 02:19:08,453 [INFO] Thread-27: Parsed product: Instabug
2025-10-03 02:19:08,461 [INFO] SQLiteWriter: Wrote 20 products to DB.
2025-10-03 02:19:08,471 [INFO] Thread-14: Parsed product: Antithesis
2025-10-03 02:19:08,487 [INFO] Thread-2: Parsed product: Amity Solutions
2025-10-03 02:19:08,520 [INFO] Thread-26: Parsed product: Usersnap
2025-10-03 02:19:08,570 [INFO] Thread-5: Parsed product: BugHerd
2025-10-03 02:19:08,610 [INFO] Thread-4: Parsed product: Rollbar
2025-10-03 02:19:08,679 [INFO] Thread-10: Parsed product: bugnetproject
2025-10-03 02:19:08,682 [INFO] Thread-23: Parsed product: Bugzilla
2025-10-03 02:19:08,697 [INFO] Thread-30: Parsed product: Better Stack
2025-10-03 02:19:08,745 [INFO] Thread-28: Parsed product: bug-track.com
2025-10-03 02:19:08,833 [INFO] Thread-15: Parsed product: InvestorPortaLPro
2025-10-03 02:19:08,855 [INFO] Thread-25: Parsed product: CustomerGlu
2025-10-03 02:19:08,907 [INFO] Thread-8: Parsed product: etraxis.com
2025-10-03 02:19:08,911 [INFO] Thread-21: Parsed product: Filament Syfter
2025-10-03 02:19:08,945 [INFO] Thread-16: Parsed product: Open Bug Bounty
2025-10-03 02:19:08,971 [INFO] Thread-1: Parsed product: REVIZTO
2025-10-03 02:19:09,087 [INFO] Thread-18: Parsed product: JuliaHub
2025-10-03 02:19:09,110 [INFO] Thread-24: Parsed product: Sweep
2025-10-03 02:19:09,115 [INFO] Thread-29: Parsed product: Payment Components
2025-10-03 02:19:09,152 [INFO] Thread-11: Parsed product: Sifter
2025-10-03 02:19:09,180 [INFO] Thread-3: Parsed product: The Bug Genie
2025-10-03 02:19:09,186 [INFO] SQLiteWriter: Wrote 20 products to DB.
2025-10-03 02:19:09,212 [INFO] Thread-12: Parsed product: Testnetic
2025-10-03 02:19:09,310 [INFO] Thread-19: Parsed product: Tracey Bug Cop
2025-10-03 02:19:09,325 [INFO] Thread-22: Parsed product: UCView
2025-10-03 02:19:09,334 [INFO] Thread-13: Parsed product: TrackDuck
2025-10-03 02:19:09,396 [INFO] Thread-9: Parsed product: Inprod
2025-10-03 02:19:09,398 [INFO] Thread-6: Parsed product: ZipBoard
2025-10-03 02:19:09,665 [INFO] Thread-14: Parsed product: CFEngine
2025-10-03 02:19:09,707 [INFO] Thread-27: Parsed product: ConfigCat
2025-10-03 02:19:09,744 [INFO] Thread-7: Parsed product: Raintank
2025-10-03 02:19:09,802 [INFO] Thread-20: Parsed product: ConfigHub
2025-10-03 02:19:09,888 [INFO] Thread-2: Parsed product: Puppet
2025-10-03 02:19:10,025 [INFO] Thread-17: Parsed product: Instana
2025-10-03 02:19:10,314 [INFO] Thread-24: Parsed product: LaunchDarkly
2025-10-03 02:19:10,332 [INFO] Thread-23: Parsed product: Statsig
2025-10-03 02:19:10,358 [INFO] Thread-29: Parsed product: Buildkite
2025-10-03 02:19:10,400 [INFO] Thread-3: Parsed product: Codefresh
2025-10-03 02:25:32,529 [INFO] MainThread: ScraperApp starting.
2025-10-03 02:25:32,533 [INFO] MainThread: Producer starting for categories: ['https://www.vendr.com/categories/devops', 'https://www.vendr.com/categories/it-infrastructure', 'https://www.vendr.com/categories/data-analytics-and-management']
2025-10-03 02:25:32,565 [INFO] PostgresWriter: PostgresWriter starting.
2025-10-03 02:25:38,753 [INFO] Thread-4: Parsed product: Sonarsource
2025-10-03 02:25:39,258 [INFO] PostgresWriter: Wrote 1 products to DB.
2025-10-03 02:25:40,219 [INFO] Thread-7: Parsed product: Jellyfish.co
2025-10-03 02:25:40,293 [INFO] Thread-22: Parsed product: Sidekiq
2025-10-03 02:25:40,342 [INFO] Thread-19: Parsed product: npm
2025-10-03 02:25:40,409 [INFO] Thread-20: Parsed product: Swarmia
2025-10-03 02:25:40,450 [INFO] Thread-1: Parsed product: Cloudpipes
2025-10-03 02:25:40,454 [INFO] Thread-5: Parsed product: DHTMLX
2025-10-03 02:25:40,458 [INFO] Thread-25: Parsed product: Sonatype
2025-10-03 02:25:40,498 [INFO] Thread-23: Parsed product: Embarcadero Technologies
2025-10-03 02:25:40,649 [INFO] Thread-24: Parsed product: Jama Software
2025-10-03 02:25:40,717 [INFO] Thread-13: Parsed product: Aptible
2025-10-03 02:25:40,723 [INFO] Thread-18: Parsed product: Sourcegraph
2025-10-03 02:25:40,727 [INFO] Thread-21: Parsed product: Codacy
2025-10-03 02:25:40,755 [INFO] Thread-16: Parsed product: Gurobi
2025-10-03 02:25:40,883 [INFO] Thread-14: Parsed product: Progress
2025-10-03 02:25:40,918 [INFO] Thread-15: Parsed product: Semgrep
2025-10-03 02:25:40,919 [INFO] Thread-3: Parsed product: Developer Express
2025-10-03 02:25:40,942 [INFO] Thread-11: Parsed product: Retool
2025-10-03 02:25:40,962 [INFO] Thread-26: Parsed product: Superblocks
2025-10-03 02:25:40,966 [INFO] Thread-9: Parsed product: KiSSFLOW
2025-10-03 02:25:41,039 [INFO] Thread-4: Parsed product: Incredibuild Software
2025-10-03 02:25:41,042 [INFO] PostgresWriter: Wrote 20 products to DB.
2025-10-03 02:25:41,097 [INFO] Thread-29: Parsed product: OutSystems
2025-10-03 02:25:41,214 [INFO] Thread-2: Parsed product: Cloudsmith
2025-10-03 02:25:41,303 [INFO] Thread-6: Parsed product: Aspose
2025-10-03 02:25:41,359 [INFO] Thread-19: Parsed product: Cleo Labs
2025-10-03 02:25:41,380 [INFO] Thread-7: Parsed product: TeamDev
2025-10-03 02:25:41,388 [INFO] Thread-17: Parsed product: LinearB
2025-10-03 02:25:41,461 [INFO] Thread-30: Parsed product: EPAM Systems
2025-10-03 02:25:41,496 [INFO] Thread-20: Parsed product: Cortez Labs
2025-10-03 02:25:41,557 [INFO] Thread-1: Parsed product: Hex-Rays
2025-10-03 02:25:41,580 [INFO] Thread-25: Parsed product: Rogue Wave Software
2025-10-03 02:25:41,617 [INFO] Thread-5: Parsed product: Insomnia REST Client
2025-10-03 02:25:41,627 [INFO] Thread-23: Parsed product: Waydev
2025-10-03 02:25:41,652 [INFO] Thread-8: Parsed product: Dynamsoft
2025-10-03 02:25:41,763 [INFO] Thread-24: Parsed product: Andros
2025-10-03 02:25:41,787 [INFO] Thread-16: Parsed product: CodeScene
2025-10-03 02:25:41,815 [INFO] Thread-13: Parsed product: BARR
2025-10-03 02:25:41,886 [INFO] Thread-21: Parsed product: CodeScan
2025-10-03 02:25:41,924 [INFO] Thread-18: Parsed product: Bit
2025-10-03 02:25:41,961 [INFO] Thread-22: Parsed product: Bubble
2025-10-03 02:25:41,972 [INFO] Thread-14: Parsed product: Edgio
2025-10-03 02:25:41,976 [INFO] PostgresWriter: Wrote 20 products to DB.
2025-10-03 02:25:41,984 [INFO] Thread-11: Parsed product: JxBrowser
2025-10-03 02:25:42,041 [INFO] Thread-3: Parsed product: Glide
2025-10-03 02:25:42,046 [INFO] Thread-15: Parsed product: Flare.build
2025-10-03 02:25:42,073 [INFO] Thread-26: Parsed product: Laravel
2025-10-03 02:25:42,078 [INFO] Thread-9: Parsed product: OpenZeppelin
2025-10-03 02:25:42,110 [INFO] Thread-27: Parsed product: Altium
2025-10-03 02:25:42,179 [INFO] Thread-29: Parsed product: Syncro Soft
2025-10-03 02:25:42,240 [INFO] Thread-6: Parsed product: Zero Turnaround Jrebel
2025-10-03 02:25:42,257 [INFO] Thread-25: Parsed product: Dagster
2025-10-03 02:25:42,297 [INFO] Thread-1: Parsed product: CloudShark
2025-10-03 02:25:42,362 [INFO] Thread-2: Parsed product: Voiceflow
2025-10-03 02:25:42,400 [INFO] Thread-17: Parsed product: Caylent
2025-10-03 02:25:42,425 [INFO] Thread-4: Parsed product: Prismatic
2025-10-03 02:25:42,434 [INFO] Thread-7: Parsed product: Cad
2025-10-03 02:25:42,479 [INFO] Thread-19: Parsed product: Actipro Software
2025-10-03 02:25:42,552 [INFO] Thread-20: Parsed product: Cloud 66
2025-10-03 02:25:42,598 [INFO] Thread-16: Parsed product: Headway
2025-10-03 02:25:42,615 [INFO] Thread-5: Parsed product: DB Solo
2025-10-03 02:25:42,652 [INFO] Thread-14: Parsed product: Midrange Dynamics NA
2025-10-03 02:25:42,696 [INFO] Thread-23: Parsed product: Edison Design Group
2025-10-03 02:25:42,699 [INFO] Thread-30: Parsed product: CGAL
2025-10-03 02:25:42,701 [INFO] PostgresWriter: Wrote 20 products to DB.
2025-10-03 02:25:42,704 [INFO] Thread-8: Parsed product: Gnostice
2025-10-03 02:25:42,727 [INFO] Thread-15: Parsed product: Perforce Stingray
2025-10-03 02:25:42,750 [INFO] Thread-13: Parsed product: Jitpack
2025-10-03 02:25:42,754 [INFO] Thread-24: Parsed product: Guru TechnoLabs
2025-10-03 02:25:42,877 [INFO] Thread-27: Parsed product: Shakudo
2025-10-03 02:25:42,909 [INFO] Thread-21: Parsed product: jOOQ
2025-10-03 02:25:42,945 [INFO] Thread-18: Parsed product: Linux Foundation
2025-10-03 02:25:43,089 [INFO] Thread-3: Parsed product: PackageCloud
2025-10-03 02:25:43,120 [INFO] Thread-11: Parsed product: MyGet
2025-10-03 02:25:43,228 [INFO] Thread-22: Parsed product: MapTiler
2025-10-03 02:25:43,243 [INFO] Thread-29: Parsed product: Steema
2025-10-03 02:25:43,258 [INFO] Thread-6: Parsed product: Trunk.io
2025-10-03 02:25:43,268 [INFO] Thread-26: Parsed product: PNF Software
2025-10-03 02:25:43,298 [INFO] Thread-9: Parsed product: Private Packagist
2025-10-03 02:25:43,368 [INFO] Thread-1: Parsed product: Webhook.site
2025-10-03 02:25:43,383 [INFO] Thread-17: Parsed product: Accelo
2025-10-03 02:25:43,421 [INFO] Thread-24: Parsed product: DeepSource
2025-10-03 02:25:43,437 [INFO] Thread-25: Parsed product: V7
2025-10-03 02:25:43,514 [INFO] Thread-4: Parsed product: ActiveState
2025-10-03 02:25:43,521 [INFO] PostgresWriter: Wrote 20 products to DB.
2025-10-03 02:25:43,532 [INFO] Thread-19: Parsed product: Appanvil
2025-10-03 02:25:43,556 [INFO] Thread-7: Parsed product: Airplane
2025-10-03 02:25:43,561 [INFO] Thread-2: Parsed product: Xceed Software
2025-10-03 02:25:43,634 [INFO] Thread-5: Parsed product: Binary Stream Software
2025-10-03 02:25:43,664 [INFO] Thread-20: Parsed product: Appenate
2025-10-03 02:25:43,738 [INFO] Thread-14: Parsed product: Chainstack
2025-10-03 02:25:43,781 [INFO] Thread-23: Parsed product: CodePen
2025-10-03 02:25:43,809 [INFO] Thread-30: Parsed product: CodeRabbit
2025-10-03 02:25:43,814 [INFO] Thread-8: Parsed product: CoGrammar
2025-10-03 02:25:43,834 [INFO] Thread-13: Parsed product: CUBA platform
2025-10-03 02:25:43,894 [INFO] Thread-16: Parsed product: Appian
2025-10-03 02:25:43,912 [INFO] Thread-15: Parsed product: CompilerWorks
2025-10-03 02:25:43,965 [INFO] Thread-27: Parsed product: DuploCloud
2025-10-03 02:25:44,035 [INFO] Thread-18: Parsed product: Expo.dev
2025-10-03 02:25:44,055 [INFO] Thread-21: Parsed product: Exadel
2025-10-03 02:25:44,085 [INFO] Thread-1: Parsed product: Internal.io
2025-10-03 02:25:44,222 [INFO] Thread-3: Parsed product: FormValidation
2025-10-03 02:25:44,238 [INFO] Thread-19: Parsed product: Ongraph
2025-10-03 02:25:44,300 [INFO] Thread-22: Parsed product: Gemfury
2025-10-03 02:25:44,303 [INFO] Thread-29: Parsed product: Getform
2025-10-03 02:25:44,306 [INFO] PostgresWriter: Wrote 20 products to DB.
2025-10-03 02:25:44,336 [INFO] Thread-6: Parsed product: Go2Group ConnectAll
2025-10-03 02:25:44,340 [INFO] Thread-11: Parsed product: Garden
2025-10-03 02:25:44,361 [INFO] Thread-26: Parsed product: Helius
2025-10-03 02:25:44,399 [INFO] Thread-17: Parsed product: Interval
2025-10-03 02:25:44,458 [INFO] Thread-20: Parsed product: PullApprove
2025-10-03 02:25:44,536 [INFO] Thread-24: Parsed product: Koombea
2025-10-03 02:25:44,547 [INFO] Thread-25: Parsed product: Nagarro
2025-10-03 02:25:44,567 [INFO] Thread-9: Parsed product: IAR Systems
2025-10-03 02:25:44,573 [INFO] Thread-2: Parsed product: Plausible Labs
2025-10-03 02:25:44,655 [INFO] Thread-7: Parsed product: Platform9
2025-10-03 02:25:44,657 [INFO] Thread-4: Parsed product: NDepend
2025-10-03 02:25:44,695 [INFO] Thread-5: Parsed product: Port
2025-10-03 02:25:44,827 [INFO] Thread-13: Parsed product: Snapbytes
2025-10-03 02:25:44,867 [INFO] Thread-8: Parsed product: ServiceStack
2025-10-03 02:25:44,872 [INFO] Thread-1: Parsed product: Touchtone
2025-10-03 02:25:44,936 [INFO] Thread-15: Parsed product: SubX
2025-10-03 02:25:44,950 [INFO] Thread-16: Parsed product: Streamlit
2025-10-03 02:25:44,956 [INFO] Thread-30: Parsed product: Riverbank Computing
2025-10-03 02:25:44,980 [INFO] Thread-3: Parsed product: TrackVia
2025-10-03 02:25:44,984 [INFO] Thread-14: Parsed product: PythonAnywhere
2025-10-03 02:25:44,987 [INFO] PostgresWriter: Wrote 20 products to DB.
2025-10-03 02:25:44,998 [INFO] Thread-27: Parsed product: Tasktop
2025-10-03 02:25:45,059 [INFO] Thread-23: Parsed product: Quickbase
2025-10-03 02:25:45,062 [INFO] Thread-26: Parsed product: 10 Grounds
2025-10-03 02:25:45,075 [INFO] Thread-6: Parsed product: VisualHint
2025-10-03 02:25:45,254 [INFO] Thread-21: Parsed product: Tivity
2025-10-03 02:25:45,297 [INFO] Thread-9: Parsed product: anycode.io
2025-10-03 02:25:45,336 [INFO] Thread-22: Parsed product: Vaadin
2025-10-03 02:25:45,346 [INFO] Thread-19: Parsed product: Unblocked
2025-10-03 02:25:45,350 [INFO] Thread-18: Parsed product: Telerik
2025-10-03 02:25:45,382 [INFO] Thread-29: Parsed product: Vector Draw
2025-10-03 02:25:45,388 [INFO] Thread-11: Parsed product: Webiny
2025-10-03 02:25:45,394 [INFO] Thread-5: Parsed product: App India
2025-10-03 02:25:45,474 [INFO] Thread-17: Parsed product: 8xtrade
2025-10-03 02:25:45,518 [INFO] Thread-8: Parsed product: AppSheet
2025-10-03 02:25:45,531 [INFO] Thread-20: Parsed product: AIIP, LLC
2025-10-03 02:25:45,642 [INFO] Thread-2: Parsed product: Anysphere
2025-10-03 02:25:45,655 [INFO] Thread-24: Parsed product: AI Software LLC
2025-10-03 02:25:45,745 [INFO] Thread-25: Parsed product: Alpha Software
2025-10-03 02:25:45,798 [INFO] Thread-4: Parsed product: AppArchitect
2025-10-03 02:25:45,897 [INFO] Thread-7: Parsed product: Api.ai
2025-10-03 02:25:45,900 [INFO] PostgresWriter: Wrote 20 products to DB.
2025-10-03 02:25:45,969 [INFO] Thread-3: Parsed product: Araelium
2025-10-03 02:25:45,974 [INFO] Thread-18: Parsed product: BOFC
2025-10-03 02:25:45,983 [INFO] Thread-27: Parsed product: babelforce
2025-10-03 02:25:45,997 [INFO] Thread-30: Parsed product: Aquip.io
2025-10-03 02:25:46,000 [INFO] Thread-22: Parsed product: Bluefish
2025-10-03 02:25:46,040 [INFO] Thread-13: Parsed product: AppLaunchpad
2025-10-03 02:25:46,047 [INFO] Thread-1: Parsed product: Appsmith
2025-10-03 02:25:46,164 [INFO] Thread-15: Parsed product: AppStudio
2025-10-03 02:25:46,189 [INFO] Thread-26: Parsed product: Beautiful Code
2025-10-03 02:25:46,195 [INFO] Thread-6: Parsed product: BillionApps
2025-10-03 02:25:46,211 [INFO] Thread-14: Parsed product: Audiokinetic
2025-10-03 02:25:46,230 [INFO] Thread-23: Parsed product: banshee-php.org
2025-10-03 02:25:46,256 [INFO] Thread-12: Parsed product: Haystack
2025-10-03 02:25:46,294 [INFO] Thread-2: Parsed product: Castle Project
2025-10-03 02:25:46,320 [INFO] Thread-16: Parsed product: Appy Pie
2025-10-03 02:25:46,330 [INFO] Thread-10: Parsed product: Encora
2025-10-03 02:25:46,340 [INFO] Thread-21: Parsed product: Blast Off Apps
2025-10-03 02:25:46,365 [INFO] Thread-9: Parsed product: Bluefish
2025-10-03 02:25:46,368 [INFO] Thread-20: Parsed product: Calls9
2025-10-03 02:25:46,371 [INFO] Thread-28: Parsed product: Chocolatey
2025-10-03 02:25:46,374 [INFO] PostgresWriter: Wrote 19 products to DB.
2025-10-03 02:25:46,383 [INFO] Thread-5: Parsed product: Builtinsoft
2025-10-03 02:25:46,434 [INFO] Thread-11: Parsed product: BoxUK
2025-10-03 02:25:46,497 [INFO] Thread-19: Parsed product: BlueStacks Android Emulator
2025-10-03 02:25:46,507 [INFO] Thread-17: Parsed product: BytePlus
2025-10-03 02:25:46,627 [INFO] Thread-8: Parsed product: CadLib
2025-10-03 02:25:46,766 [INFO] Thread-24: Parsed product: Chatfuel
2025-10-03 02:25:46,785 [INFO] Thread-29: Parsed product: Botsify
2025-10-03 02:25:46,868 [INFO] Thread-25: Parsed product: CloudRepo
2025-10-03 02:25:46,877 [INFO] Thread-4: Parsed product: CodeFirst
2025-10-03 02:25:46,962 [INFO] Thread-18: Parsed product: CollabNet
2025-10-03 02:25:46,973 [INFO] Thread-3: Parsed product: Code Science
2025-10-03 02:25:47,015 [INFO] Thread-12: Parsed product: Diffco
2025-10-03 02:25:47,043 [INFO] Thread-16: Parsed product: DronaHQ
2025-10-03 02:25:47,052 [INFO] Thread-30: Parsed product: CruzataSoft
2025-10-03 02:25:47,078 [INFO] Thread-7: Parsed product: Codeless Solutions
2025-10-03 02:25:47,098 [INFO] Thread-13: Parsed product: CYBRA
2025-10-03 02:25:47,104 [INFO] Thread-5: Parsed product: FeatureHub
2025-10-03 02:25:47,109 [INFO] Thread-22: Parsed product: Cucumber
2025-10-03 02:25:47,207 [INFO] Thread-6: Parsed product: Dedicogroup
2025-10-03 02:25:47,216 [INFO] Thread-27: Parsed product: cre8
2025-10-03 02:25:47,221 [INFO] PostgresWriter: Wrote 20 products to DB.
2025-10-03 02:25:47,228 [INFO] Thread-26: Parsed product: datree.io
2025-10-03 02:25:47,276 [INFO] Thread-15: Parsed product: Datics AI
2025-10-03 02:25:47,284 [INFO] Thread-23: Parsed product: DevFactory FZ
2025-10-03 02:25:47,302 [INFO] Thread-1: Parsed product: Cynetis Embedded
2025-10-03 02:25:47,329 [INFO] Thread-2: Parsed product: DiscoverSDK
2025-10-03 02:25:47,375 [INFO] Thread-10: Parsed product: DxMinds
2025-10-03 02:25:47,381 [INFO] Thread-14: Parsed product: DevCom
2025-10-03 02:25:47,384 [INFO] Thread-11: Parsed product: Fictive Studios
2025-10-03 02:25:47,405 [INFO] Thread-21: Parsed product: Engineer.ai
2025-10-03 02:25:47,422 [INFO] Thread-17: Parsed product: Flagsmith
2025-10-03 02:25:47,510 [INFO] Thread-28: Parsed product: Exemplary Marketing
2025-10-03 02:25:47,513 [INFO] Thread-19: Parsed product: Finoit
2025-10-03 02:25:47,536 [INFO] Thread-20: Parsed product: envoyer.io
2025-10-03 02:25:47,569 [INFO] Thread-9: Parsed product: ENS Software Solutions
2025-10-03 02:25:47,672 [INFO] Thread-8: Parsed product: FuelPHP
